<?xml version="1.0" encoding="UTF-8" ?>
<testsuite tests="3" failures="0" name="com.mycompany.javabasic.NewEmptyJUnitTest" time="0.287" errors="0" skipped="0">
  <properties>
[...]
</properties>
  <testcase classname="com.mycompany.javabasic.NewEmptyJUnitTest" name="com.mycompany.javabasic.NewEmptyJUnitTest.testGreetings" time="0.004"/>
  <testcase classname="com.mycompany.javabasic.NewEmptyJUnitTest" name="com.mycompany.javabasic.NewEmptyJUnitTest.testJsonToMap" time="0.019"/>
  <testcase classname="com.mycompany.javabasic.NewEmptyJUnitTest" name="com.mycompany.javabasic.NewEmptyJUnitTest.testGetAPI" time="0.264"/>
</testsuite>